[INFO] [2025-05-21 14:57:55] 🐳 Ensuring Docker services (Redis, Zookeeper, Kafka) are (re)started...
[INFO] [2025-05-21 14:57:55] Stopping and removing existing Docker containers if they exist...
[INFO] [2025-05-21 14:57:58] Waiting a moment for ports to be released...
[INFO] [2025-05-21 14:58:01] Attempting to remove Docker network 'nis-network' if it exists...
[INFO] [2025-05-21 14:58:02] Creating Docker network 'nis-network'...
[INFO] [2025-05-21 14:58:02] Docker network 'nis-network' created successfully.
[INFO] [2025-05-21 14:58:02] Starting Redis container 'nis-redis'...
[ERROR] [2025-05-21 14:58:02] Failed to start Redis container 'nis-redis'.
[INFO] [2025-05-21 14:58:02] Starting Zookeeper container 'nis-zookeeper'...
[INFO] [2025-05-21 14:58:03] Waiting for Zookeeper (nis-zookeeper) to initialize...
[INFO] [2025-05-21 14:58:23] Zookeeper container 'nis-zookeeper' started successfully.
[INFO] [2025-05-21 14:58:23] Starting Kafka container 'nis-kafka'...
[INFO] [2025-05-21 14:58:23] Waiting for Kafka (nis-kafka) to initialize...
[INFO] [2025-05-21 14:59:38] Kafka container 'nis-kafka' appears to be running. Verifying topics...
[INFO] [2025-05-21 14:59:38] Attempt 1/12 to verify Kafka topics...
[INFO] [2025-05-21 14:59:40] Still waiting for topics: nis.analysis.events nis.batch.events nis.statistics.events . Current listed topics by broker: ''. Retrying in 5s...
[INFO] [2025-05-21 14:59:45] Attempt 2/12 to verify Kafka topics...
[INFO] [2025-05-21 14:59:46] Still waiting for topics: nis.analysis.events nis.batch.events nis.statistics.events . Current listed topics by broker: ''. Retrying in 5s...
[INFO] [2025-05-21 14:59:51] Attempt 3/12 to verify Kafka topics...
[INFO] [2025-05-21 14:59:52] Still waiting for topics: nis.analysis.events nis.batch.events nis.statistics.events . Current listed topics by broker: ''. Retrying in 5s...
[INFO] [2025-05-21 14:59:57] Attempt 4/12 to verify Kafka topics...
[INFO] [2025-05-21 14:59:58] Still waiting for topics: nis.analysis.events nis.batch.events nis.statistics.events . Current listed topics by broker: ''. Retrying in 5s...
[INFO] [2025-05-21 15:00:03] Attempt 5/12 to verify Kafka topics...
[INFO] [2025-05-21 15:00:04] Still waiting for topics: nis.analysis.events nis.batch.events nis.statistics.events . Current listed topics by broker: ''. Retrying in 5s...
[INFO] [2025-05-21 15:00:09] Attempt 6/12 to verify Kafka topics...
[INFO] [2025-05-21 15:00:10] Still waiting for topics: nis.analysis.events nis.batch.events nis.statistics.events . Current listed topics by broker: ''. Retrying in 5s...
[INFO] [2025-05-21 15:00:15] Attempt 7/12 to verify Kafka topics...
[INFO] [2025-05-21 15:00:16] Still waiting for topics: nis.analysis.events nis.batch.events nis.statistics.events . Current listed topics by broker: ''. Retrying in 5s...
[INFO] [2025-05-21 15:00:21] Attempt 8/12 to verify Kafka topics...
[INFO] [2025-05-21 15:00:23] Still waiting for topics: nis.analysis.events nis.batch.events nis.statistics.events . Current listed topics by broker: ''. Retrying in 5s...
[INFO] [2025-05-21 15:00:28] Attempt 9/12 to verify Kafka topics...
[INFO] [2025-05-21 15:00:29] Still waiting for topics: nis.analysis.events nis.batch.events nis.statistics.events . Current listed topics by broker: ''. Retrying in 5s...
[INFO] [2025-05-21 15:00:34] Attempt 10/12 to verify Kafka topics...
[INFO] [2025-05-21 15:00:35] Still waiting for topics: nis.analysis.events nis.batch.events nis.statistics.events . Current listed topics by broker: ''. Retrying in 5s...
[INFO] [2025-05-21 15:00:40] Attempt 11/12 to verify Kafka topics...
[INFO] [2025-05-21 15:00:41] Still waiting for topics: nis.analysis.events nis.batch.events nis.statistics.events . Current listed topics by broker: ''. Retrying in 5s...
[INFO] [2025-05-21 15:00:46] Attempt 12/12 to verify Kafka topics...
[INFO] [2025-05-21 15:00:47] Still waiting for topics: nis.analysis.events nis.batch.events nis.statistics.events . Current listed topics by broker: ''. Retrying in 5s...
