[INFO] [2025-05-21 15:21:37] 🐳 Ensuring Docker services (Redis, Zookeeper, Kafka) are (re)started...
[INFO] [2025-05-21 15:21:37] Stopping and removing existing Docker containers if they exist...
[INFO] [2025-05-21 15:21:40] Waiting a moment for ports to be released...
[INFO] [2025-05-21 15:21:43] Attempting to remove Docker network 'nis-network' if it exists...
[INFO] [2025-05-21 15:21:44] Creating Docker network 'nis-network'...
[INFO] [2025-05-21 15:21:44] Docker network 'nis-network' created successfully.
[INFO] [2025-05-21 15:21:44] Starting Redis container 'nis-redis'...
[INFO] [2025-05-21 15:21:44] Waiting for Redis (nis-redis) to initialize...
[INFO] [2025-05-21 15:21:49] Redis container 'nis-redis' started successfully.
[INFO] [2025-05-21 15:21:49] Starting Zookeeper container 'nis-zookeeper'...
[INFO] [2025-05-21 15:21:50] Waiting for Zookeeper (nis-zookeeper) to initialize...
[INFO] [2025-05-21 15:22:20] Zookeeper container 'nis-zookeeper' started successfully.
[INFO] [2025-05-21 15:22:20] Starting Kafka container 'nis-kafka'...
[INFO] [2025-05-21 15:22:20] Waiting for Kafka (nis-kafka) to initialize...
[INFO] [2025-05-21 15:23:05] Kafka container 'nis-kafka' appears to be running. Verifying topics...
[INFO] [2025-05-21 15:23:05] Attempt 1/15 to verify Kafka topics...
[INFO] [2025-05-21 15:23:05] Failed to execute kafka-topics command. Retrying...
[INFO] [2025-05-21 15:23:10] Attempt 2/15 to verify Kafka topics...
[INFO] [2025-05-21 15:23:11] Failed to execute kafka-topics command. Retrying...
[INFO] [2025-05-21 15:23:16] Attempt 3/15 to verify Kafka topics...
[INFO] [2025-05-21 15:23:16] Failed to execute kafka-topics command. Retrying...
[INFO] [2025-05-21 15:23:21] Attempt 4/15 to verify Kafka topics...
[INFO] [2025-05-21 15:23:21] Failed to execute kafka-topics command. Retrying...
[INFO] [2025-05-21 15:23:26] Attempt 5/15 to verify Kafka topics...
[INFO] [2025-05-21 15:23:26] Failed to execute kafka-topics command. Retrying...
[INFO] [2025-05-21 15:23:31] Attempt 6/15 to verify Kafka topics...
[INFO] [2025-05-21 15:23:31] Failed to execute kafka-topics command. Retrying...
[INFO] [2025-05-21 15:23:36] Attempt 7/15 to verify Kafka topics...
[INFO] [2025-05-21 15:23:36] Failed to execute kafka-topics command. Retrying...
[INFO] [2025-05-21 15:23:41] Attempt 8/15 to verify Kafka topics...
[INFO] [2025-05-21 15:23:41] Failed to execute kafka-topics command. Retrying...
[INFO] [2025-05-21 15:23:46] Attempt 9/15 to verify Kafka topics...
[INFO] [2025-05-21 15:23:47] Failed to execute kafka-topics command. Retrying...
[INFO] [2025-05-21 15:23:52] Attempt 10/15 to verify Kafka topics...
[INFO] [2025-05-21 15:23:52] Failed to execute kafka-topics command. Retrying...
[INFO] [2025-05-21 15:23:57] Attempt 11/15 to verify Kafka topics...
[INFO] [2025-05-21 15:23:57] Failed to execute kafka-topics command. Retrying...
[INFO] [2025-05-21 15:24:02] Attempt 12/15 to verify Kafka topics...
[INFO] [2025-05-21 15:24:02] Failed to execute kafka-topics command. Retrying...
[INFO] [2025-05-21 15:24:07] Attempt 13/15 to verify Kafka topics...
[INFO] [2025-05-21 15:24:07] Failed to execute kafka-topics command. Retrying...
[INFO] [2025-05-21 15:24:12] Attempt 14/15 to verify Kafka topics...
[INFO] [2025-05-21 15:24:12] Failed to execute kafka-topics command. Retrying...
[INFO] [2025-05-21 15:24:17] Attempt 15/15 to verify Kafka topics...
[INFO] [2025-05-21 15:24:17] Failed to execute kafka-topics command. Retrying...
