[INFO] [2025-05-21 15:25:15] 🐳 Ensuring Docker services (Redis, Zookeeper, Kafka) are (re)started...
[INFO] [2025-05-21 15:25:15] Stopping and removing existing Docker containers if they exist...
[INFO] [2025-05-21 15:25:16] Waiting a moment for ports to be released...
[INFO] [2025-05-21 15:25:19] Attempting to remove Docker network 'nis-network' if it exists...
[INFO] [2025-05-21 15:25:19] Creating Docker network 'nis-network'...
[INFO] [2025-05-21 15:25:19] Docker network 'nis-network' created successfully.
[INFO] [2025-05-21 15:25:19] Starting Redis container 'nis-redis'...
[INFO] [2025-05-21 15:25:20] Waiting for Redis (nis-redis) to initialize...
[INFO] [2025-05-21 15:25:25] Redis container 'nis-redis' started successfully.
[INFO] [2025-05-21 15:25:25] Starting Zookeeper container 'nis-zookeeper'...
[INFO] [2025-05-21 15:25:25] Waiting for Zookeeper (nis-zookeeper) to initialize...
[INFO] [2025-05-21 15:25:55] Zookeeper container 'nis-zookeeper' started successfully.
[INFO] [2025-05-21 15:25:55] Starting Kafka container 'nis-kafka'...
[INFO] [2025-05-21 15:25:56] Waiting for Kafka (nis-kafka) to initialize...
[INFO] [2025-05-21 15:26:41] Kafka container 'nis-kafka' appears to be running. Verifying topics...
[INFO] [2025-05-21 15:26:41] Attempt 1/15 to verify Kafka topics...
[INFO] [2025-05-21 15:26:41] Failed to execute kafka-topics command. Retrying...
[INFO] [2025-05-21 15:26:46] Attempt 2/15 to verify Kafka topics...
[INFO] [2025-05-21 15:26:46] Failed to execute kafka-topics command. Retrying...
[INFO] [2025-05-21 15:26:51] Attempt 3/15 to verify Kafka topics...
[INFO] [2025-05-21 15:26:51] Failed to execute kafka-topics command. Retrying...
[INFO] [2025-05-21 15:26:56] Attempt 4/15 to verify Kafka topics...
[INFO] [2025-05-21 15:26:56] Failed to execute kafka-topics command. Retrying...
[INFO] [2025-05-21 15:27:01] Attempt 5/15 to verify Kafka topics...
[INFO] [2025-05-21 15:27:01] Failed to execute kafka-topics command. Retrying...
[INFO] [2025-05-21 15:27:06] Attempt 6/15 to verify Kafka topics...
[INFO] [2025-05-21 15:27:06] Failed to execute kafka-topics command. Retrying...
[INFO] [2025-05-21 15:27:11] Attempt 7/15 to verify Kafka topics...
[INFO] [2025-05-21 15:27:11] Failed to execute kafka-topics command. Retrying...
[INFO] [2025-05-21 15:27:16] Attempt 8/15 to verify Kafka topics...
[INFO] [2025-05-21 15:27:16] Failed to execute kafka-topics command. Retrying...
[INFO] [2025-05-21 15:27:21] Attempt 9/15 to verify Kafka topics...
[INFO] [2025-05-21 15:27:21] Failed to execute kafka-topics command. Retrying...
[INFO] [2025-05-21 15:27:26] Attempt 10/15 to verify Kafka topics...
[INFO] [2025-05-21 15:27:27] Failed to execute kafka-topics command. Retrying...
[INFO] [2025-05-21 15:27:32] Attempt 11/15 to verify Kafka topics...
[INFO] [2025-05-21 15:27:32] Failed to execute kafka-topics command. Retrying...
[INFO] [2025-05-21 15:27:37] Attempt 12/15 to verify Kafka topics...
[INFO] [2025-05-21 15:27:37] Failed to execute kafka-topics command. Retrying...
[INFO] [2025-05-21 15:27:42] Attempt 13/15 to verify Kafka topics...
[INFO] [2025-05-21 15:27:42] Failed to execute kafka-topics command. Retrying...
[INFO] [2025-05-21 15:27:47] Attempt 14/15 to verify Kafka topics...
[INFO] [2025-05-21 15:27:47] Failed to execute kafka-topics command. Retrying...
[INFO] [2025-05-21 15:27:52] Attempt 15/15 to verify Kafka topics...
[INFO] [2025-05-21 15:27:52] Failed to execute kafka-topics command. Retrying...
