[INFO] [2025-05-21 15:01:49] 🐳 Ensuring Docker services (Redis, Zookeeper, Kafka) are (re)started...
[INFO] [2025-05-21 15:01:49] Stopping and removing existing Docker containers if they exist...
[INFO] [2025-05-21 15:01:51] Waiting a moment for ports to be released...
[INFO] [2025-05-21 15:01:54] Attempting to remove Docker network 'nis-network' if it exists...
[INFO] [2025-05-21 15:01:54] Creating Docker network 'nis-network'...
[INFO] [2025-05-21 15:01:54] Docker network 'nis-network' created successfully.
[INFO] [2025-05-21 15:01:54] Starting Redis container 'nis-redis'...
[ERROR] [2025-05-21 15:01:54] Failed to start Redis container 'nis-redis'.
[INFO] [2025-05-21 15:01:55] Starting Zookeeper container 'nis-zookeeper'...
[INFO] [2025-05-21 15:01:55] Waiting for Zookeeper (nis-zookeeper) to initialize...
[INFO] [2025-05-21 15:02:15] Zookeeper container 'nis-zookeeper' started successfully.
[INFO] [2025-05-21 15:02:15] Starting Kafka container 'nis-kafka'...
[INFO] [2025-05-21 15:02:15] Waiting for Kafka (nis-kafka) to initialize...
[INFO] [2025-05-21 15:03:30] Kafka container 'nis-kafka' appears to be running. Verifying topics...
[INFO] [2025-05-21 15:03:30] Attempt 1/12 to verify Kafka topics...
[INFO] [2025-05-21 15:03:32] Still waiting for topics: nis.analysis.events nis.batch.events nis.statistics.events . Current listed topics by broker: ''. Retrying in 5s...
[INFO] [2025-05-21 15:03:37] Attempt 2/12 to verify Kafka topics...
[INFO] [2025-05-21 15:03:38] Still waiting for topics: nis.analysis.events nis.batch.events nis.statistics.events . Current listed topics by broker: ''. Retrying in 5s...
[INFO] [2025-05-21 15:03:43] Attempt 3/12 to verify Kafka topics...
[INFO] [2025-05-21 15:03:44] Still waiting for topics: nis.analysis.events nis.batch.events nis.statistics.events . Current listed topics by broker: ''. Retrying in 5s...
[INFO] [2025-05-21 15:03:49] Attempt 4/12 to verify Kafka topics...
[INFO] [2025-05-21 15:03:50] Still waiting for topics: nis.analysis.events nis.batch.events nis.statistics.events . Current listed topics by broker: ''. Retrying in 5s...
[INFO] [2025-05-21 15:03:55] Attempt 5/12 to verify Kafka topics...
[INFO] [2025-05-21 15:03:56] Still waiting for topics: nis.analysis.events nis.batch.events nis.statistics.events . Current listed topics by broker: ''. Retrying in 5s...
[INFO] [2025-05-21 15:04:02] Attempt 6/12 to verify Kafka topics...
[INFO] [2025-05-21 15:04:03] Still waiting for topics: nis.analysis.events nis.batch.events nis.statistics.events . Current listed topics by broker: ''. Retrying in 5s...
[INFO] [2025-05-21 15:04:08] Attempt 7/12 to verify Kafka topics...
[INFO] [2025-05-21 15:04:09] Still waiting for topics: nis.analysis.events nis.batch.events nis.statistics.events . Current listed topics by broker: ''. Retrying in 5s...
[INFO] [2025-05-21 15:04:14] Attempt 8/12 to verify Kafka topics...
[INFO] [2025-05-21 15:04:16] Still waiting for topics: nis.analysis.events nis.batch.events nis.statistics.events . Current listed topics by broker: ''. Retrying in 5s...
[INFO] [2025-05-21 15:04:21] Attempt 9/12 to verify Kafka topics...
[INFO] [2025-05-21 15:04:22] Still waiting for topics: nis.analysis.events nis.batch.events nis.statistics.events . Current listed topics by broker: ''. Retrying in 5s...
[INFO] [2025-05-21 15:04:27] Attempt 10/12 to verify Kafka topics...
[INFO] [2025-05-21 15:04:29] Still waiting for topics: nis.analysis.events nis.batch.events nis.statistics.events . Current listed topics by broker: ''. Retrying in 5s...
[INFO] [2025-05-21 15:04:34] Attempt 11/12 to verify Kafka topics...
[INFO] [2025-05-21 15:04:35] Still waiting for topics: nis.analysis.events nis.batch.events nis.statistics.events . Current listed topics by broker: ''. Retrying in 5s...
[INFO] [2025-05-21 15:04:40] Attempt 12/12 to verify Kafka topics...
[INFO] [2025-05-21 15:04:41] Still waiting for topics: nis.analysis.events nis.batch.events nis.statistics.events . Current listed topics by broker: ''. Retrying in 5s...
