[INFO] [2025-05-21 15:29:19] 🐳 Ensuring Docker services (Redis, Zookeeper, Kafka) are (re)started...
[INFO] [2025-05-21 15:29:19] Stopping and removing existing Docker containers if they exist...
[INFO] [2025-05-21 15:29:19] Waiting a moment for ports to be released...
[INFO] [2025-05-21 15:29:22] Attempting to remove Docker network 'nis-network' if it exists...
[INFO] [2025-05-21 15:29:23] Creating Docker network 'nis-network'...
[INFO] [2025-05-21 15:29:23] Docker network 'nis-network' created successfully.
[INFO] [2025-05-21 15:29:23] Starting Redis container 'nis-redis'...
[INFO] [2025-05-21 15:29:23] Waiting for Redis (nis-redis) to initialize...
[INFO] [2025-05-21 15:29:28] Redis container 'nis-redis' started successfully.
[INFO] [2025-05-21 15:29:28] Starting Zookeeper container 'nis-zookeeper'...
[INFO] [2025-05-21 15:29:29] Waiting for Zookeeper (nis-zookeeper) to initialize...
[INFO] [2025-05-21 15:30:14] Zookeeper container 'nis-zookeeper' started successfully.
[INFO] [2025-05-21 15:30:14] Starting Kafka container 'nis-kafka'...
[INFO] [2025-05-21 15:30:14] Waiting for Kafka (nis-kafka) to initialize...
[INFO] [2025-05-21 15:31:14] Kafka container 'nis-kafka' appears to be running. Verifying topics...
[INFO] [2025-05-21 15:31:14] Attempt 1/15 to verify Kafka topics...
[INFO] [2025-05-21 15:31:14] Failed to execute kafka-topics command. Retrying...
[INFO] [2025-05-21 15:31:19] Attempt 2/15 to verify Kafka topics...
[INFO] [2025-05-21 15:31:19] Failed to execute kafka-topics command. Retrying...
[INFO] [2025-05-21 15:31:24] Attempt 3/15 to verify Kafka topics...
[INFO] [2025-05-21 15:31:24] Failed to execute kafka-topics command. Retrying...
[INFO] [2025-05-21 15:31:29] Attempt 4/15 to verify Kafka topics...
[INFO] [2025-05-21 15:31:30] Failed to execute kafka-topics command. Retrying...
[INFO] [2025-05-21 15:31:35] Attempt 5/15 to verify Kafka topics...
[INFO] [2025-05-21 15:31:35] Failed to execute kafka-topics command. Retrying...
[INFO] [2025-05-21 15:31:40] Attempt 6/15 to verify Kafka topics...
[INFO] [2025-05-21 15:31:40] Failed to execute kafka-topics command. Retrying...
[INFO] [2025-05-21 15:31:45] Attempt 7/15 to verify Kafka topics...
[INFO] [2025-05-21 15:31:45] Failed to execute kafka-topics command. Retrying...
[INFO] [2025-05-21 15:31:50] Attempt 8/15 to verify Kafka topics...
[INFO] [2025-05-21 15:31:50] Failed to execute kafka-topics command. Retrying...
[INFO] [2025-05-21 15:31:55] Attempt 9/15 to verify Kafka topics...
[INFO] [2025-05-21 15:31:55] Failed to execute kafka-topics command. Retrying...
[INFO] [2025-05-21 15:32:00] Attempt 10/15 to verify Kafka topics...
[INFO] [2025-05-21 15:32:00] Failed to execute kafka-topics command. Retrying...
[INFO] [2025-05-21 15:32:05] Attempt 11/15 to verify Kafka topics...
[INFO] [2025-05-21 15:32:05] Failed to execute kafka-topics command. Retrying...
[INFO] [2025-05-21 15:32:10] Attempt 12/15 to verify Kafka topics...
[INFO] [2025-05-21 15:32:10] Failed to execute kafka-topics command. Retrying...
[INFO] [2025-05-21 15:32:15] Attempt 13/15 to verify Kafka topics...
[INFO] [2025-05-21 15:32:15] Failed to execute kafka-topics command. Retrying...
[INFO] [2025-05-21 15:32:20] Attempt 14/15 to verify Kafka topics...
[INFO] [2025-05-21 15:32:20] Failed to execute kafka-topics command. Retrying...
[INFO] [2025-05-21 15:32:26] Attempt 15/15 to verify Kafka topics...
[INFO] [2025-05-21 15:32:26] Failed to execute kafka-topics command. Retrying...
