[INFO] [2025-05-21 15:33:36] 🐳 Ensuring Docker services (Redis, Zookeeper, Kafka) are (re)started...
[INFO] [2025-05-21 15:33:36] Stopping and removing existing Docker containers if they exist...
[INFO] [2025-05-21 15:33:37] Waiting a moment for ports to be released...
[INFO] [2025-05-21 15:33:40] Attempting to remove Docker network 'nis-network' if it exists...
[INFO] [2025-05-21 15:33:40] Creating Docker network 'nis-network'...
[INFO] [2025-05-21 15:33:41] Docker network 'nis-network' created successfully.
[INFO] [2025-05-21 15:33:41] Starting Redis container 'nis-redis'...
[INFO] [2025-05-21 15:33:41] Waiting for Redis (nis-redis) to initialize...
[INFO] [2025-05-21 15:33:46] Redis container 'nis-redis' started successfully.
[INFO] [2025-05-21 15:33:46] Starting Zookeeper container 'nis-zookeeper'...
[INFO] [2025-05-21 15:33:47] Waiting for Zookeeper (nis-zookeeper) to initialize...
[INFO] [2025-05-21 15:34:32] Zookeeper container 'nis-zookeeper' started successfully.
[INFO] [2025-05-21 15:34:32] Starting Kafka container 'nis-kafka'...
[INFO] [2025-05-21 15:34:32] Waiting for Kafka (nis-kafka) to initialize...
[INFO] [2025-05-21 15:35:32] Kafka container 'nis-kafka' appears to be running. Verifying topics...
[INFO] [2025-05-21 15:35:32] Attempt 1/15 to verify Kafka topics...
[INFO] [2025-05-21 15:35:33] Still waiting for topics: nis.analysis.events nis.batch.events nis.statistics.events . Retrying in 5s...
[INFO] [2025-05-21 15:35:38] Attempt 2/15 to verify Kafka topics...
[INFO] [2025-05-21 15:35:40] Still waiting for topics: nis.analysis.events nis.batch.events nis.statistics.events . Retrying in 5s...
[INFO] [2025-05-21 15:35:45] Attempt 3/15 to verify Kafka topics...
[INFO] [2025-05-21 15:35:46] Still waiting for topics: nis.analysis.events nis.batch.events nis.statistics.events . Retrying in 5s...
[INFO] [2025-05-21 15:35:52] Attempt 4/15 to verify Kafka topics...
[INFO] [2025-05-21 15:35:56] Still waiting for topics: nis.analysis.events nis.batch.events nis.statistics.events . Retrying in 5s...
[INFO] [2025-05-21 15:36:01] Attempt 5/15 to verify Kafka topics...
[INFO] [2025-05-21 15:36:02] Still waiting for topics: nis.analysis.events nis.batch.events nis.statistics.events . Retrying in 5s...
[INFO] [2025-05-21 15:36:07] Attempt 6/15 to verify Kafka topics...
[INFO] [2025-05-21 15:36:08] Still waiting for topics: nis.analysis.events nis.batch.events nis.statistics.events . Retrying in 5s...
[INFO] [2025-05-21 15:36:13] Attempt 7/15 to verify Kafka topics...
[INFO] [2025-05-21 15:36:13] Still waiting for topics: nis.analysis.events nis.batch.events nis.statistics.events . Retrying in 5s...
[INFO] [2025-05-21 15:36:18] Attempt 8/15 to verify Kafka topics...
[INFO] [2025-05-21 15:36:19] Still waiting for topics: nis.analysis.events nis.batch.events nis.statistics.events . Retrying in 5s...
[INFO] [2025-05-21 15:36:24] Attempt 9/15 to verify Kafka topics...
[INFO] [2025-05-21 15:36:25] Still waiting for topics: nis.analysis.events nis.batch.events nis.statistics.events . Retrying in 5s...
[INFO] [2025-05-21 15:36:30] Attempt 10/15 to verify Kafka topics...
[INFO] [2025-05-21 15:36:31] Still waiting for topics: nis.analysis.events nis.batch.events nis.statistics.events . Retrying in 5s...
[INFO] [2025-05-21 15:36:36] Attempt 11/15 to verify Kafka topics...
[INFO] [2025-05-21 15:36:37] Still waiting for topics: nis.analysis.events nis.batch.events nis.statistics.events . Retrying in 5s...
[INFO] [2025-05-21 15:36:42] Attempt 12/15 to verify Kafka topics...
[INFO] [2025-05-21 15:36:43] Still waiting for topics: nis.analysis.events nis.batch.events nis.statistics.events . Retrying in 5s...
[INFO] [2025-05-21 15:36:48] Attempt 13/15 to verify Kafka topics...
[INFO] [2025-05-21 15:36:49] Still waiting for topics: nis.analysis.events nis.batch.events nis.statistics.events . Retrying in 5s...
[INFO] [2025-05-21 15:36:54] Attempt 14/15 to verify Kafka topics...
[INFO] [2025-05-21 15:36:55] Still waiting for topics: nis.analysis.events nis.batch.events nis.statistics.events . Retrying in 5s...
[INFO] [2025-05-21 15:37:00] Attempt 15/15 to verify Kafka topics...
[INFO] [2025-05-21 15:37:01] Still waiting for topics: nis.analysis.events nis.batch.events nis.statistics.events . Retrying in 5s...
