[INFO] [2025-05-21 15:17:41] 🐳 Ensuring Docker services (Redis, Zookeeper, Kafka) are (re)started...
[INFO] [2025-05-21 15:17:41] Stopping and removing existing Docker containers if they exist...
[INFO] [2025-05-21 15:17:43] Waiting a moment for ports to be released...
[INFO] [2025-05-21 15:17:46] Attempting to remove Docker network 'nis-network' if it exists...
[INFO] [2025-05-21 15:17:46] Creating Docker network 'nis-network'...
[INFO] [2025-05-21 15:17:47] Docker network 'nis-network' created successfully.
[INFO] [2025-05-21 15:17:47] Starting Redis container 'nis-redis'...
[ERROR] [2025-05-21 15:17:47] Failed to start Redis container 'nis-redis'.
[INFO] [2025-05-21 15:17:47] Starting Zookeeper container 'nis-zookeeper'...
[INFO] [2025-05-21 15:17:47] Waiting for Zookeeper (nis-zookeeper) to initialize...
[INFO] [2025-05-21 15:18:17] Zookeeper container 'nis-zookeeper' started successfully.
[INFO] [2025-05-21 15:18:17] Starting Kafka container 'nis-kafka'...
[INFO] [2025-05-21 15:18:24] Waiting for Kafka (nis-kafka) to initialize...
[INFO] [2025-05-21 15:19:09] Kafka container 'nis-kafka' appears to be running. Verifying topics...
[INFO] [2025-05-21 15:19:09] Attempt 1/15 to verify Kafka topics...
[INFO] [2025-05-21 15:19:10] Still waiting for topics: nis.analysis.events nis.batch.events nis.statistics.events . Retrying in 5s...
[INFO] [2025-05-21 15:19:15] Attempt 2/15 to verify Kafka topics...
[INFO] [2025-05-21 15:19:16] Still waiting for topics: nis.analysis.events nis.batch.events nis.statistics.events . Retrying in 5s...
[INFO] [2025-05-21 15:19:21] Attempt 3/15 to verify Kafka topics...
[INFO] [2025-05-21 15:19:22] Still waiting for topics: nis.analysis.events nis.batch.events nis.statistics.events . Retrying in 5s...
[INFO] [2025-05-21 15:19:27] Attempt 4/15 to verify Kafka topics...
[INFO] [2025-05-21 15:19:28] Still waiting for topics: nis.analysis.events nis.batch.events nis.statistics.events . Retrying in 5s...
[INFO] [2025-05-21 15:19:33] Attempt 5/15 to verify Kafka topics...
[INFO] [2025-05-21 15:19:35] Still waiting for topics: nis.analysis.events nis.batch.events nis.statistics.events . Retrying in 5s...
[INFO] [2025-05-21 15:19:40] Attempt 6/15 to verify Kafka topics...
[INFO] [2025-05-21 15:19:41] Still waiting for topics: nis.analysis.events nis.batch.events nis.statistics.events . Retrying in 5s...
[INFO] [2025-05-21 15:19:46] Attempt 7/15 to verify Kafka topics...
[INFO] [2025-05-21 15:19:47] Still waiting for topics: nis.analysis.events nis.batch.events nis.statistics.events . Retrying in 5s...
[INFO] [2025-05-21 15:19:52] Attempt 8/15 to verify Kafka topics...
[INFO] [2025-05-21 15:19:53] Still waiting for topics: nis.analysis.events nis.batch.events nis.statistics.events . Retrying in 5s...
[INFO] [2025-05-21 15:19:58] Attempt 9/15 to verify Kafka topics...
[INFO] [2025-05-21 15:19:59] Still waiting for topics: nis.analysis.events nis.batch.events nis.statistics.events . Retrying in 5s...
[INFO] [2025-05-21 15:20:04] Attempt 10/15 to verify Kafka topics...
[INFO] [2025-05-21 15:20:05] Still waiting for topics: nis.analysis.events nis.batch.events nis.statistics.events . Retrying in 5s...
[INFO] [2025-05-21 15:20:10] Attempt 11/15 to verify Kafka topics...
[INFO] [2025-05-21 15:20:11] Still waiting for topics: nis.analysis.events nis.batch.events nis.statistics.events . Retrying in 5s...
[INFO] [2025-05-21 15:20:16] Attempt 12/15 to verify Kafka topics...
[INFO] [2025-05-21 15:20:17] Still waiting for topics: nis.analysis.events nis.batch.events nis.statistics.events . Retrying in 5s...
[INFO] [2025-05-21 15:20:22] Attempt 13/15 to verify Kafka topics...
[INFO] [2025-05-21 15:20:24] Still waiting for topics: nis.analysis.events nis.batch.events nis.statistics.events . Retrying in 5s...
[INFO] [2025-05-21 15:20:29] Attempt 14/15 to verify Kafka topics...
[INFO] [2025-05-21 15:20:30] Still waiting for topics: nis.analysis.events nis.batch.events nis.statistics.events . Retrying in 5s...
[INFO] [2025-05-21 15:20:35] Attempt 15/15 to verify Kafka topics...
[INFO] [2025-05-21 15:20:36] Still waiting for topics: nis.analysis.events nis.batch.events nis.statistics.events . Retrying in 5s...
