[INFO] [2025-05-23 09:47:03] [0;36m🔍 Performing System Compatibility Check...[0m
[INFO] [2025-05-23 09:47:03] Operating System: Darwin arm64
[INFO] [2025-05-23 09:47:03] Docker Version: Docker version 28.0.4, build b8034c0
[INFO] [2025-05-23 09:47:03] Docker Compose (v1) found: Docker Compose version v2.34.0-desktop.1
[INFO] [2025-05-23 09:47:03] Git Version: git version 2.44.0
[INFO] [2025-05-23 09:47:03] Available Disk Space: 18Gi
[INFO] [2025-05-23 09:47:03] Total Memory: 8 GB
[SUCCESS] [2025-05-23 09:47:03] System Compatibility Check Passed!
[INFO] [2025-05-23 09:47:03] [0;34m🔬 Validating Project Setup...[0m
[SUCCESS] [2025-05-23 09:47:03] Project Setup Validation Completed
[INFO] [2025-05-23 09:47:03] [1;33m🛫 Running Pre-flight Checks...[0m
[SUCCESS] [2025-05-23 09:47:03] Pre-flight Checks Completed
[INFO] [2025-05-23 09:47:03] [0;36m🚀 Launching NIS Protocol services using Docker Compose...[0m
[INFO] [2025-05-23 09:47:03] Stopping existing Docker Compose services (if any)...
[INFO] [2025-05-23 09:47:04] Existing services stopped.
[INFO] [2025-05-23 09:47:04] Building and starting services in detached mode...
[INFO] [2025-05-23 09:50:35] Services started in detached mode. Tailing logs...
[INFO] [2025-05-23 09:50:41] NIS Protocol startup initiated via Docker Compose. Monitor service logs for status.
[INFO] [2025-05-23 09:50:41] [0;36m🔍 Performing System Compatibility Check...[0m
[INFO] [2025-05-23 09:50:41] Operating System: Darwin arm64
[INFO] [2025-05-23 09:50:41] Docker Version: Docker version 28.0.4, build b8034c0
[INFO] [2025-05-23 09:50:41] Docker Compose (v1) found: Docker Compose version v2.34.0-desktop.1
[INFO] [2025-05-23 09:50:41] Git Version: git version 2.44.0
[INFO] [2025-05-23 09:50:41] Available Disk Space: 17Gi
[INFO] [2025-05-23 09:50:41] Total Memory: 8 GB
[SUCCESS] [2025-05-23 09:50:41] System Compatibility Check Passed!
[INFO] [2025-05-23 09:50:41] [0;34m🔬 Validating Project Setup...[0m
[SUCCESS] [2025-05-23 09:50:41] Project Setup Validation Completed
[INFO] [2025-05-23 09:50:41] [1;33m🛫 Running Pre-flight Checks...[0m
[SUCCESS] [2025-05-23 09:50:41] Pre-flight Checks Completed
[INFO] [2025-05-23 09:50:41] [0;36m🚀 Launching NIS Protocol services using Docker Compose...[0m
[INFO] [2025-05-23 09:50:41] Stopping existing Docker Compose services (if any)...
[INFO] [2025-05-23 09:51:01] Existing services stopped.
[INFO] [2025-05-23 09:51:01] Building and starting services in detached mode...
[INFO] [2025-05-23 09:57:30] Services started in detached mode. Tailing logs...
[INFO] [2025-05-23 09:57:36] NIS Protocol startup initiated via Docker Compose. Monitor service logs for status.
